TN:
SF:src/index.js
FN:4,formatValue
FN:20,buildDiff
FN:25,(anonymous_2)
FN:47,genDiff
FNF:4
FNH:4
FNDA:6,formatValue
FNDA:1,buildDiff
FNDA:5,(anonymous_2)
FNDA:1,genDiff
DA:5,6
DA:6,2
DA:8,4
DA:9,0
DA:11,4
DA:12,2
DA:14,2
DA:15,0
DA:17,2
DA:21,1
DA:22,1
DA:23,1
DA:25,1
DA:26,5
DA:27,5
DA:28,5
DA:29,5
DA:31,5
DA:32,1
DA:35,4
DA:36,2
DA:39,2
DA:40,1
DA:43,1
DA:48,1
DA:49,1
DA:51,1
DA:53,1
DA:54,1
DA:57,0
LF:30
LH:27
BRDA:5,0,0,2
BRDA:5,0,1,4
BRDA:8,1,0,0
BRDA:8,1,1,4
BRDA:11,2,0,2
BRDA:11,2,1,2
BRDA:14,3,0,0
BRDA:14,3,1,2
BRDA:14,4,0,2
BRDA:14,4,1,0
BRDA:31,5,0,1
BRDA:31,5,1,4
BRDA:35,6,0,2
BRDA:35,6,1,2
BRDA:39,7,0,1
BRDA:39,7,1,1
BRDA:47,8,0,1
BRDA:53,9,0,1
BRDA:53,9,1,0
BRF:19
BRH:15
end_of_record
TN:
SF:src/parsers.js
FN:4,readFile
FNF:1
FNH:1
FNDA:2,readFile
DA:5,2
DA:6,2
DA:7,2
DA:9,2
DA:10,0
DA:13,2
LF:6
LH:5
BRDA:9,0,0,0
BRDA:9,0,1,2
BRF:2
BRH:1
end_of_record
